[2025-03-23T15:41:17.722Z] ERROR: uncaughtException: handlePowerCommand is not a function
TypeError: handlePowerCommand is not a function
    at EventEmitter.<anonymous> (C:\Users\ADMIN\Documents\Techitoon-Bot-AI\src\index.js:42:19)
    at EventEmitter.emit (node:events:536:35)
    at EventEmitter.<anonymous> (C:\Users\ADMIN\Documents\Techitoon-Bot-AI\node_modules\@whiskeysockets\baileys\lib\Utils\event-buffer.js:40:16)
    at EventEmitter.emit (node:events:524:28)
    at Object.flush (C:\Users\ADMIN\Documents\Techitoon-Bot-AI\node_modules\@whiskeysockets\baileys\lib\Utils\event-buffer.js:73:16)
    at processNodeWithBuffer (C:\Users\ADMIN\Documents\Techitoon-Bot-AI\node_modules\@whiskeysockets\baileys\lib\Socket\messages-recv.js:807:12)
[2025-03-23T15:41:52.007Z] ERROR: uncaughtException: handlePowerCommand is not a function
TypeError: handlePowerCommand is not a function
    at EventEmitter.<anonymous> (C:\Users\ADMIN\Documents\Techitoon-Bot-AI\src\index.js:42:19)
    at EventEmitter.emit (node:events:536:35)
    at EventEmitter.<anonymous> (C:\Users\ADMIN\Documents\Techitoon-Bot-AI\node_modules\@whiskeysockets\baileys\lib\Utils\event-buffer.js:40:16)
    at EventEmitter.emit (node:events:524:28)
    at flush (C:\Users\ADMIN\Documents\Techitoon-Bot-AI\node_modules\@whiskeysockets\baileys\lib\Utils\event-buffer.js:73:16)
    at C:\Users\ADMIN\Documents\Techitoon-Bot-AI\node_modules\@whiskeysockets\baileys\lib\Utils\event-buffer.js:109:21
    at async C:\Users\ADMIN\Documents\Techitoon-Bot-AI\node_modules\@whiskeysockets\baileys\lib\Socket\messages-recv.js:681:21
    at async C:\Users\ADMIN\Documents\Techitoon-Bot-AI\node_modules\@whiskeysockets\baileys\lib\Utils\make-mutex.js:19:36
    at async Promise.all (index 0)
    at async handleMessage (C:\Users\ADMIN\Documents\Techitoon-Bot-AI\node_modules\@whiskeysockets\baileys\lib\Socket\messages-recv.js:629:13)
[2025-03-23T15:43:33.543Z] ERROR: uncaughtException: handlePowerCommand is not a function
TypeError: handlePowerCommand is not a function
    at EventEmitter.<anonymous> (C:\Users\ADMIN\Documents\Techitoon-Bot-AI\src\index.js:42:19)
    at EventEmitter.emit (node:events:536:35)
    at EventEmitter.<anonymous> (C:\Users\ADMIN\Documents\Techitoon-Bot-AI\node_modules\@whiskeysockets\baileys\lib\Utils\event-buffer.js:40:16)
    at EventEmitter.emit (node:events:524:28)
    at Object.flush (C:\Users\ADMIN\Documents\Techitoon-Bot-AI\node_modules\@whiskeysockets\baileys\lib\Utils\event-buffer.js:73:16)
    at processNodeWithBuffer (C:\Users\ADMIN\Documents\Techitoon-Bot-AI\node_modules\@whiskeysockets\baileys\lib\Socket\messages-recv.js:807:12)
[2025-03-23T15:44:27.108Z] ERROR: uncaughtException: Unexpected identifier 'was'
C:\Users\ADMIN\Documents\Techitoon-Bot-AI\src\bot\bot.js:113
        } else if (connection was 'qr') {
                              ^^^

SyntaxError: Unexpected identifier 'was'
    at wrapSafe (node:internal/modules/cjs/loader:1512:18)
    at Module._compile (node:internal/modules/cjs/loader:1534:20)
    at Object..js (node:internal/modules/cjs/loader:1699:10)
    at Module.load (node:internal/modules/cjs/loader:1313:32)
    at Function._load (node:internal/modules/cjs/loader:1123:12)
    at TracingChannel.traceSync (node:diagnostics_channel:322:14)
    at wrapModuleLoad (node:internal/modules/cjs/loader:217:24)
    at Module.require (node:internal/modules/cjs/loader:1335:12)
    at require (node:internal/modules/helpers:136:16)
    at Object.<anonymous> (C:\Users\ADMIN\Documents\Techitoon-Bot-AI\src\message-controller\commonCommands.js:6:22)
[2025-03-23T15:44:50.194Z] ERROR: uncaughtException: Unexpected identifier 'was'
C:\Users\ADMIN\Documents\Techitoon-Bot-AI\src\bot\bot.js:113
        } else if (connection was 'qr') {
                              ^^^

SyntaxError: Unexpected identifier 'was'
    at wrapSafe (node:internal/modules/cjs/loader:1512:18)
    at Module._compile (node:internal/modules/cjs/loader:1534:20)
    at Object..js (node:internal/modules/cjs/loader:1699:10)
    at Module.load (node:internal/modules/cjs/loader:1313:32)
    at Function._load (node:internal/modules/cjs/loader:1123:12)
    at TracingChannel.traceSync (node:diagnostics_channel:322:14)
    at wrapModuleLoad (node:internal/modules/cjs/loader:217:24)
    at Module.require (node:internal/modules/cjs/loader:1335:12)
    at require (node:internal/modules/helpers:136:16)
    at Object.<anonymous> (C:\Users\ADMIN\Documents\Techitoon-Bot-AI\src\message-controller\commonCommands.js:6:22)
[2025-03-23T15:46:14.493Z] ERROR: uncaughtException: handlePowerCommand is not a function
TypeError: handlePowerCommand is not a function
    at EventEmitter.<anonymous> (C:\Users\ADMIN\Documents\Techitoon-Bot-AI\src\bot\bot.js:24:19)
    at EventEmitter.emit (node:events:524:28)
    at EventEmitter.<anonymous> (C:\Users\ADMIN\Documents\Techitoon-Bot-AI\node_modules\@whiskeysockets\baileys\lib\Utils\event-buffer.js:40:16)
    at EventEmitter.emit (node:events:524:28)
    at Object.flush (C:\Users\ADMIN\Documents\Techitoon-Bot-AI\node_modules\@whiskeysockets\baileys\lib\Utils\event-buffer.js:73:16)
    at WebSocketClient.<anonymous> (C:\Users\ADMIN\Documents\Techitoon-Bot-AI\node_modules\@whiskeysockets\baileys\lib\Socket\socket.js:562:16)
    at WebSocketClient.emit (node:events:524:28)
    at C:\Users\ADMIN\Documents\Techitoon-Bot-AI\node_modules\@whiskeysockets\baileys\lib\Socket\socket.js:235:35
    at Object.decodeFrame (C:\Users\ADMIN\Documents\Techitoon-Bot-AI\node_modules\@whiskeysockets\baileys\lib\Utils\noise-handler.js:144:17)
    at process.processTicksAndRejections (node:internal/process/task_queues:105:5)
[2025-03-23T16:16:23.882Z] ERROR: uncaughtException: isBotOn is not a function
TypeError: isBotOn is not a function
    at EventEmitter.<anonymous> (C:\Users\ADMIN\Documents\Techitoon-Bot-AI\src\bot\bot.js:42:18)
    at EventEmitter.emit (node:events:536:35)
    at EventEmitter.<anonymous> (C:\Users\ADMIN\Documents\Techitoon-Bot-AI\node_modules\@whiskeysockets\baileys\lib\Utils\event-buffer.js:40:16)
    at EventEmitter.emit (node:events:524:28)
    at Object.emit (C:\Users\ADMIN\Documents\Techitoon-Bot-AI\node_modules\@whiskeysockets\baileys\lib\Utils\event-buffer.js:94:23)
    at emitParticipantsUpdate (C:\Users\ADMIN\Documents\Techitoon-Bot-AI\node_modules\@whiskeysockets\baileys\lib\Utils\process-message.js:252:56)
    at processMessage (C:\Users\ADMIN\Documents\Techitoon-Bot-AI\node_modules\@whiskeysockets\baileys\lib\Utils\process-message.js:269:17)
    at C:\Users\ADMIN\Documents\Techitoon-Bot-AI\node_modules\@whiskeysockets\baileys\lib\Socket\chats.js:739:43
    at C:\Users\ADMIN\Documents\Techitoon-Bot-AI\node_modules\@whiskeysockets\baileys\lib\Utils\event-buffer.js:105:42
    at C:\Users\ADMIN\Documents\Techitoon-Bot-AI\node_modules\@whiskeysockets\baileys\lib\Socket\messages-recv.js:590:31
[2025-03-23T16:16:36.714Z] ERROR: uncaughtException: isBotOn is not a function
TypeError: isBotOn is not a function
    at EventEmitter.<anonymous> (C:\Users\ADMIN\Documents\Techitoon-Bot-AI\src\bot\bot.js:42:18)
    at EventEmitter.emit (node:events:536:35)
    at EventEmitter.<anonymous> (C:\Users\ADMIN\Documents\Techitoon-Bot-AI\node_modules\@whiskeysockets\baileys\lib\Utils\event-buffer.js:40:16)
    at EventEmitter.emit (node:events:524:28)
    at Object.emit (C:\Users\ADMIN\Documents\Techitoon-Bot-AI\node_modules\@whiskeysockets\baileys\lib\Utils\event-buffer.js:94:23)
    at emitParticipantsUpdate (C:\Users\ADMIN\Documents\Techitoon-Bot-AI\node_modules\@whiskeysockets\baileys\lib\Utils\process-message.js:252:56)
    at processMessage (C:\Users\ADMIN\Documents\Techitoon-Bot-AI\node_modules\@whiskeysockets\baileys\lib\Utils\process-message.js:269:17)
    at C:\Users\ADMIN\Documents\Techitoon-Bot-AI\node_modules\@whiskeysockets\baileys\lib\Socket\chats.js:739:43
    at C:\Users\ADMIN\Documents\Techitoon-Bot-AI\node_modules\@whiskeysockets\baileys\lib\Utils\event-buffer.js:105:42
    at C:\Users\ADMIN\Documents\Techitoon-Bot-AI\node_modules\@whiskeysockets\baileys\lib\Socket\messages-recv.js:590:31
[2025-03-23T16:16:49.081Z] ERROR: uncaughtException: isBotOn is not a function
TypeError: isBotOn is not a function
    at EventEmitter.<anonymous> (C:\Users\ADMIN\Documents\Techitoon-Bot-AI\src\bot\bot.js:42:18)
    at EventEmitter.emit (node:events:536:35)
    at EventEmitter.<anonymous> (C:\Users\ADMIN\Documents\Techitoon-Bot-AI\node_modules\@whiskeysockets\baileys\lib\Utils\event-buffer.js:40:16)
    at EventEmitter.emit (node:events:524:28)
    at Object.emit (C:\Users\ADMIN\Documents\Techitoon-Bot-AI\node_modules\@whiskeysockets\baileys\lib\Utils\event-buffer.js:94:23)
    at emitParticipantsUpdate (C:\Users\ADMIN\Documents\Techitoon-Bot-AI\node_modules\@whiskeysockets\baileys\lib\Utils\process-message.js:252:56)
    at processMessage (C:\Users\ADMIN\Documents\Techitoon-Bot-AI\node_modules\@whiskeysockets\baileys\lib\Utils\process-message.js:269:17)
    at C:\Users\ADMIN\Documents\Techitoon-Bot-AI\node_modules\@whiskeysockets\baileys\lib\Socket\chats.js:739:43
    at C:\Users\ADMIN\Documents\Techitoon-Bot-AI\node_modules\@whiskeysockets\baileys\lib\Utils\event-buffer.js:105:42
    at C:\Users\ADMIN\Documents\Techitoon-Bot-AI\node_modules\@whiskeysockets\baileys\lib\Socket\messages-recv.js:590:31
[2025-03-23T16:21:30.250Z] ERROR: uncaughtException: handlePowerCommand is not a function
TypeError: handlePowerCommand is not a function
    at EventEmitter.<anonymous> (C:\Users\ADMIN\Documents\Techitoon-Bot-AI\src\bot\bot.js:30:23)
    at EventEmitter.emit (node:events:536:35)
    at EventEmitter.<anonymous> (C:\Users\ADMIN\Documents\Techitoon-Bot-AI\node_modules\@whiskeysockets\baileys\lib\Utils\event-buffer.js:40:16)
    at EventEmitter.emit (node:events:524:28)
    at Object.flush (C:\Users\ADMIN\Documents\Techitoon-Bot-AI\node_modules\@whiskeysockets\baileys\lib\Utils\event-buffer.js:73:16)
    at WebSocketClient.<anonymous> (C:\Users\ADMIN\Documents\Techitoon-Bot-AI\node_modules\@whiskeysockets\baileys\lib\Socket\socket.js:562:16)
    at WebSocketClient.emit (node:events:524:28)
    at C:\Users\ADMIN\Documents\Techitoon-Bot-AI\node_modules\@whiskeysockets\baileys\lib\Socket\socket.js:235:35
    at Object.decodeFrame (C:\Users\ADMIN\Documents\Techitoon-Bot-AI\node_modules\@whiskeysockets\baileys\lib\Utils\noise-handler.js:144:17)
    at process.processTicksAndRejections (node:internal/process/task_queues:105:5)
[2025-03-23T16:21:47.016Z] ERROR: uncaughtException: handlePowerCommand is not a function
TypeError: handlePowerCommand is not a function
    at EventEmitter.<anonymous> (C:\Users\ADMIN\Documents\Techitoon-Bot-AI\src\bot\bot.js:30:23)
    at EventEmitter.emit (node:events:536:35)
    at EventEmitter.<anonymous> (C:\Users\ADMIN\Documents\Techitoon-Bot-AI\node_modules\@whiskeysockets\baileys\lib\Utils\event-buffer.js:40:16)
    at EventEmitter.emit (node:events:524:28)
    at Object.flush (C:\Users\ADMIN\Documents\Techitoon-Bot-AI\node_modules\@whiskeysockets\baileys\lib\Utils\event-buffer.js:73:16)
    at WebSocketClient.<anonymous> (C:\Users\ADMIN\Documents\Techitoon-Bot-AI\node_modules\@whiskeysockets\baileys\lib\Socket\socket.js:562:16)
    at WebSocketClient.emit (node:events:524:28)
    at C:\Users\ADMIN\Documents\Techitoon-Bot-AI\node_modules\@whiskeysockets\baileys\lib\Socket\socket.js:235:35
    at Object.decodeFrame (C:\Users\ADMIN\Documents\Techitoon-Bot-AI\node_modules\@whiskeysockets\baileys\lib\Utils\noise-handler.js:144:17)
    at process.processTicksAndRejections (node:internal/process/task_queues:105:5)
[2025-03-23T16:23:51.900Z] ERROR: uncaughtException: handlePowerCommand is not a function
TypeError: handlePowerCommand is not a function
    at EventEmitter.<anonymous> (C:\Users\ADMIN\Documents\Techitoon-Bot-AI\src\bot\bot.js:30:23)
    at EventEmitter.emit (node:events:536:35)
    at EventEmitter.<anonymous> (C:\Users\ADMIN\Documents\Techitoon-Bot-AI\node_modules\@whiskeysockets\baileys\lib\Utils\event-buffer.js:40:16)
    at EventEmitter.emit (node:events:524:28)
    at Object.flush (C:\Users\ADMIN\Documents\Techitoon-Bot-AI\node_modules\@whiskeysockets\baileys\lib\Utils\event-buffer.js:73:16)
    at processNodeWithBuffer (C:\Users\ADMIN\Documents\Techitoon-Bot-AI\node_modules\@whiskeysockets\baileys\lib\Socket\messages-recv.js:807:12)
[2025-03-23T16:30:03.360Z] ERROR: uncaughtException: handlePowerCommand is not a function
TypeError: handlePowerCommand is not a function
    at EventEmitter.<anonymous> (C:\Users\ADMIN\Documents\Techitoon-Bot-AI\src\bot\bot.js:22:23)
    at EventEmitter.emit (node:events:524:28)
    at EventEmitter.<anonymous> (C:\Users\ADMIN\Documents\Techitoon-Bot-AI\node_modules\@whiskeysockets\baileys\lib\Utils\event-buffer.js:40:16)
    at EventEmitter.emit (node:events:524:28)
    at flush (C:\Users\ADMIN\Documents\Techitoon-Bot-AI\node_modules\@whiskeysockets\baileys\lib\Utils\event-buffer.js:73:16)
    at C:\Users\ADMIN\Documents\Techitoon-Bot-AI\node_modules\@whiskeysockets\baileys\lib\Utils\event-buffer.js:109:21
    at async C:\Users\ADMIN\Documents\Techitoon-Bot-AI\node_modules\@whiskeysockets\baileys\lib\Socket\messages-recv.js:681:21
    at async C:\Users\ADMIN\Documents\Techitoon-Bot-AI\node_modules\@whiskeysockets\baileys\lib\Utils\make-mutex.js:19:36
    at async Promise.all (index 0)
    at async handleMessage (C:\Users\ADMIN\Documents\Techitoon-Bot-AI\node_modules\@whiskeysockets\baileys\lib\Socket\messages-recv.js:629:13)
